#
# A fatal error has been detected by the Java Runtime Environment:
#
#  EXCEPTION_ACCESS_VIOLATION (0xc0000005) at pc=0x0c5135e0, pid=3816, tid=4796
#
# JRE version: 6.0_18-b07
# Java VM: Java HotSpot(TM) Client VM (16.0-b13 mixed mode, sharing windows-x86 )
# Problematic frame:
# C  0x0c5135e0
#
# If you would like to submit a bug report, please visit:
#   http://java.sun.com/webapps/bugreport/crash.jsp
# The crash happened outside the Java Virtual Machine in native code.
# See problematic frame for where to report the bug.
#

---------------  T H R E A D  ---------------

Current thread (0x02036000):  JavaThread "Finalizer" daemon [_thread_in_native, id=4796, stack(0x042d0000,0x04320000)]

siginfo: ExceptionCode=0xc0000005, reading address 0x0c5135e0

Registers:
EAX=0x0c5135e0, EBX=0x38252510, ECX=0x02036110, EDX=0x382948c8
ESP=0x0431f82c, EBP=0x0431f860, ESI=0x38252510, EDI=0x02036000
EIP=0x0c5135e0, EFLAGS=0x00010283

Top of Stack: (sp=0x0431f82c)
0x0431f82c:   02109f47 02036110 0431f868 003e4868
0x0431f83c:   00000000 0431f840 00000000 0431f874
0x0431f84c:   382948c8 00000000 38252510 00000000
0x0431f85c:   0431f870 0431f898 02102da1 38252928
0x0431f86c:   02108269 003e4868 00000000 0431f878
0x0431f87c:   38250574 0431f8a0 382948c8 00000000
0x0431f88c:   38250598 0431f870 0431f8a0 0431f8b4
0x0431f89c:   021002cb 285125a0 00001f80 02100266 

Instructions: (pc=0x0c5135e0)
0x0c5135d0:   
[error occurred during error reporting (printing registers, top of stack, instructions near pc), id 0xc0000005]

Stack: [0x042d0000,0x04320000],  sp=0x0431f82c,  free space=13e0431ececk
Native frames: (J=compiled Java code, j=interpreted, Vv=VM code, C=native code)
C  0x0c5135e0
j  com.sun.jna.Memory.finalize()V+4
v  ~StubRoutines::call_stub
V  [jvm.dll+0xf072c]
V  [jvm.dll+0x17fd51]
V  [jvm.dll+0xf07ad]
V  [jvm.dll+0xfa09f]
V  [jvm.dll+0xfcd94]
C  [java.dll+0x2100]
j  java.lang.ref.Finalizer.runFinalizer()V+45
j  java.lang.ref.Finalizer.access$100(Ljava/lang/ref/Finalizer;)V+1
j  java.lang.ref.Finalizer$FinalizerThread.run()V+11
v  ~StubRoutines::call_stub
V  [jvm.dll+0xf072c]
V  [jvm.dll+0x17fd51]
V  [jvm.dll+0xf08f7]
V  [jvm.dll+0xf096d]
V  [jvm.dll+0x11a4c0]
V  [jvm.dll+0x1dd924]
V  [jvm.dll+0x17f9cc]
C  [msvcr71.dll+0x9565]
C  [kernel32.dll+0x44911]
C  [ntdll.dll+0x3e4b6]
C  [ntdll.dll+0x3e489]

Java frames: (J=compiled Java code, j=interpreted, Vv=VM code)
j  com.sun.jna.Memory.free(J)V+0
j  com.sun.jna.Memory.finalize()V+4
v  ~StubRoutines::call_stub
j  java.lang.ref.Finalizer.invokeFinalizeMethod(Ljava/lang/Object;)V+0
j  java.lang.ref.Finalizer.runFinalizer()V+45
j  java.lang.ref.Finalizer.access$100(Ljava/lang/ref/Finalizer;)V+1
j  java.lang.ref.Finalizer$FinalizerThread.run()V+11
v  ~StubRoutines::call_stub

---------------  P R O C E S S  ---------------

Java Threads: ( => current thread )
  0x0459f000 JavaThread "Thread-1" daemon [_thread_in_native, id=3616, stack(0x0c610000,0x0c660000)]
  0x0459ac00 JavaThread "bbb" [_thread_in_native, id=1624, stack(0x0c440000,0x0c490000)]
  0x0459b000 JavaThread "Thread-6" [_thread_blocked, id=2924, stack(0x0c3f0000,0x0c440000)]
  0x0459c400 JavaThread "Thread-5" [_thread_in_native, id=6120, stack(0x0bbe0000,0x0bc30000)]
  0x0459bc00 JavaThread "abc" [_thread_in_native, id=1584, stack(0x05010000,0x05060000)]
  0x0459e400 JavaThread "Loop thread: com.sun.media.parser.video.AviParser$AudioTrack@161d36b" [_thread_blocked, id=5076, stack(0x0b7b0000,0x0b800000)]
  0x0459dc00 JavaThread "Loop thread: com.sun.media.parser.video.AviParser$VideoTrack@1ac1fe4" [_thread_blocked, id=4508, stack(0x0b760000,0x0b7b0000)]
  0x0459d800 JavaThread "Loop thread: com.sun.media.renderer.audio.JavaSoundRenderer@13d93f4" [_thread_blocked, id=5584, stack(0x0b710000,0x0b760000)]
  0x0459d000 JavaThread "Java Sound Event Dispatcher" daemon [_thread_blocked, id=3764, stack(0x0aec0000,0x0af10000)]
  0x0459cc00 JavaThread "Progress Slider thread" [_thread_blocked, id=4528, stack(0x0ae70000,0x0aec0000)]
  0x0459b800 JavaThread "Loop thread: com.sun.media.renderer.video.GDIRenderer@ab853b" [_thread_blocked, id=3852, stack(0x0a5c0000,0x0a610000)]
  0x0459a400 JavaThread "Loop thread" [_thread_blocked, id=4092, stack(0x09480000,0x094d0000)]
  0x0451bc00 JavaThread "JMF thread: SendEventQueue: com.sun.media.PlaybackEngine" [_thread_blocked, id=2016, stack(0x09000000,0x09050000)]
  0x0202d400 JavaThread "JMF thread: SendEventQueue: com.sun.media.content.unknown.Handler" [_thread_blocked, id=5460, stack(0x08fb0000,0x09000000)]
  0x0455fc00 JavaThread "TimerQueue" daemon [_thread_blocked, id=5204, stack(0x074b0000,0x07500000)]
  0x00db9000 JavaThread "DestroyJavaVM" [_thread_blocked, id=2396, stack(0x00320000,0x00370000)]
  0x0450d000 JavaThread "AWT-EventQueue-0" [_thread_blocked, id=4244, stack(0x051d0000,0x05220000)]
  0x020ffc00 JavaThread "AWT-Windows" daemon [_thread_in_native, id=3060, stack(0x04c40000,0x04c90000)]
  0x020ff400 JavaThread "AWT-Shutdown" [_thread_blocked, id=5484, stack(0x04bf0000,0x04c40000)]
  0x020fc800 JavaThread "Java2D Disposer" daemon [_thread_blocked, id=6056, stack(0x04760000,0x047b0000)]
  0x0205c400 JavaThread "Low Memory Detector" daemon [_thread_blocked, id=4136, stack(0x04410000,0x04460000)]
  0x0203e800 JavaThread "CompilerThread0" daemon [_thread_blocked, id=6060, stack(0x043c0000,0x04410000)]
  0x0203d000 JavaThread "Attach Listener" daemon [_thread_blocked, id=4388, stack(0x04370000,0x043c0000)]
  0x0203a000 JavaThread "Signal Dispatcher" daemon [_thread_blocked, id=5856, stack(0x04320000,0x04370000)]
=>0x02036000 JavaThread "Finalizer" daemon [_thread_in_native, id=4796, stack(0x042d0000,0x04320000)]
  0x02031400 JavaThread "Reference Handler" daemon [_thread_blocked, id=6048, stack(0x04280000,0x042d0000)]

Other Threads:
  0x02030000 VMThread [stack: 0x04230000,0x04280000] [id=5892]
  0x0205fc00 WatcherThread [stack: 0x04460000,0x044b0000] [id=1240]

VM state:not at safepoint (normal execution)

VM Mutex/Monitor currently owned by a thread: None

Heap
 def new generation   total 5056K, used 721K [0x28020000, 0x28590000, 0x2d570000)
  eden space 4544K,  15% used [0x28020000, 0x280d1b30, 0x28490000)
  from space 512K,   2% used [0x28510000, 0x285129a0, 0x28590000)
  to   space 512K,   0% used [0x28490000, 0x28490000, 0x28510000)
 tenured generation   total 10944K, used 10535K [0x2d570000, 0x2e020000, 0x38020000)
   the space 10944K,  96% used [0x2d570000, 0x2dfb9c40, 0x2dfb9e00, 0x2e020000)
 compacting perm gen  total 12288K, used 2607K [0x38020000, 0x38c20000, 0x3c020000)
   the space 12288K,  21% used [0x38020000, 0x382abc10, 0x382abe00, 0x38c20000)
    ro space 10240K,  54% used [0x3c020000, 0x3c598290, 0x3c598400, 0x3ca20000)
    rw space 12288K,  55% used [0x3ca20000, 0x3d0bd1c0, 0x3d0bd200, 0x3d620000)

Dynamic libraries:
0x00400000 - 0x00424000 	C:\Program Files\Java\jdk1.6.0_18\jre\bin\java.exe
0x77b00000 - 0x77c27000 	C:\Windows\system32\ntdll.dll
0x763a0000 - 0x7647b000 	C:\Windows\system32\kernel32.dll
0x77910000 - 0x779d6000 	C:\Windows\system32\ADVAPI32.dll
0x77a30000 - 0x77af2000 	C:\Windows\system32\RPCRT4.dll
0x7c340000 - 0x7c396000 	C:\Program Files\Java\jdk1.6.0_18\jre\bin\msvcr71.dll
0x6d8b0000 - 0x6db47000 	C:\Program Files\Java\jdk1.6.0_18\jre\bin\client\jvm.dll
0x767f0000 - 0x7688d000 	C:\Windows\system32\USER32.dll
0x779e0000 - 0x77a2b000 	C:\Windows\system32\GDI32.dll
0x75310000 - 0x75342000 	C:\Windows\system32\WINMM.dll
0x76910000 - 0x769ba000 	C:\Windows\system32\msvcrt.dll
0x764a0000 - 0x765e4000 	C:\Windows\system32\ole32.dll
0x766e0000 - 0x7676d000 	C:\Windows\system32\OLEAUT32.dll
0x752d0000 - 0x75309000 	C:\Windows\system32\OLEACC.dll
0x76480000 - 0x7649e000 	C:\Windows\system32\IMM32.DLL
0x777a0000 - 0x77868000 	C:\Windows\system32\MSCTF.dll
0x75fd0000 - 0x75ffc000 	C:\Windows\system32\apphelp.dll
0x77c30000 - 0x77c39000 	C:\Windows\system32\LPK.DLL
0x76890000 - 0x7690d000 	C:\Windows\system32\USP10.dll
0x10000000 - 0x10015000 	C:\Windows\system32\APSHook.dll
0x77cd0000 - 0x77d28000 	C:\Windows\system32\SHLWAPI.dll
0x76030000 - 0x76038000 	C:\Windows\system32\VERSION.dll
0x76110000 - 0x76117000 	C:\Windows\system32\PSAPI.DLL
0x75c30000 - 0x75dce000 	C:\Windows\WinSxS\x86_microsoft.windows.common-controls_6595b64144ccf1df_6.0.6001.18000_none_5cdbaa5a083979cc\comctl32.dll
0x6d860000 - 0x6d86c000 	C:\Program Files\Java\jdk1.6.0_18\jre\bin\verify.dll
0x6d3e0000 - 0x6d3ff000 	C:\Program Files\Java\jdk1.6.0_18\jre\bin\java.dll
0x6d340000 - 0x6d348000 	C:\Program Files\Java\jdk1.6.0_18\jre\bin\hpi.dll
0x6d8a0000 - 0x6d8af000 	C:\Program Files\Java\jdk1.6.0_18\jre\bin\zip.dll
0x6d0b0000 - 0x6d1fa000 	C:\Program Files\Java\jdk1.6.0_18\jre\bin\awt.dll
0x73bd0000 - 0x73c12000 	C:\Windows\system32\WINSPOOL.DRV
0x738a0000 - 0x738ac000 	C:\Windows\system32\DWMAPI.DLL
0x750d0000 - 0x7510f000 	C:\Windows\system32\uxtheme.dll
0x6d2e0000 - 0x6d334000 	C:\Program Files\Java\jdk1.6.0_18\jre\bin\fontmanager.dll
0x72800000 - 0x72b1b000 	C:\Windows\system32\atiumdag.dll
0x72400000 - 0x727fd000 	C:\Windows\system32\atiumdva.dll
0x76b50000 - 0x77660000 	C:\Windows\system32\shell32.dll
0x6d6c0000 - 0x6d6d3000 	C:\Program Files\Java\jdk1.6.0_18\jre\bin\net.dll
0x77d30000 - 0x77d5d000 	C:\Windows\system32\WS2_32.dll
0x77880000 - 0x77886000 	C:\Windows\system32\NSI.dll
0x07540000 - 0x07573000 	C:\Windows\system32\idmmbc.dll
0x75620000 - 0x7565b000 	C:\Windows\system32\mswsock.dll
0x75680000 - 0x75685000 	C:\Windows\System32\wship6.dll
0x6d6e0000 - 0x6d6e9000 	C:\Program Files\Java\jdk1.6.0_18\jre\bin\nio.dll
0x047d0000 - 0x047d7000 	C:\Program Files\Internet Download Manager\idmmkb.dll
0x07430000 - 0x07476000 	D:\downloads\compress\32unikey40RC2_Download.com.vn\unikey32\UKHook40.dll
0x77890000 - 0x77903000 	C:\Windows\system32\COMDLG32.DLL
0x77c40000 - 0x77cc4000 	C:\Windows\system32\CLBCatQ.DLL
0x72160000 - 0x722a6000 	C:\Windows\system32\browseui.dll
0x746e0000 - 0x7479b000 	C:\Windows\system32\PROPSYS.dll
0x750a0000 - 0x750d0000 	C:\Windows\system32\DUser.dll
0x69b30000 - 0x69b90000 	C:\Program Files\Common Files\microsoft shared\ink\tiptsf.dll
0x74010000 - 0x740c3000 	C:\Windows\system32\WindowsCodecs.dll
0x078b0000 - 0x078d4000 	C:\Program Files\ASUS\ASUS Data Security Manager\OverlayIconShlExt.dll
0x078e0000 - 0x07903000 	C:\Program Files\ASUS\ASUS Data Security Manager\OverlayIconShlExt1.dll
0x76040000 - 0x76054000 	C:\Windows\system32\Secur32.dll
0x769c0000 - 0x76b4a000 	C:\Windows\system32\SETUPAPI.dll
0x76060000 - 0x7607e000 	C:\Windows\system32\USERENV.dll
0x6fa80000 - 0x6faca000 	C:\Windows\system32\ntshrui.dll
0x75ea0000 - 0x75f15000 	C:\Windows\system32\NETAPI32.dll
0x71620000 - 0x7162b000 	C:\Windows\system32\cscapi.dll
0x758e0000 - 0x7591a000 	C:\Windows\system32\slc.dll
0x753a0000 - 0x753db000 	C:\Windows\system32\rsaenh.dll
0x71a60000 - 0x71a9c000 	C:\Windows\System32\msshsq.dll
0x6c300000 - 0x6c316000 	C:\Windows\system32\thumbcache.dll
0x71e10000 - 0x71e63000 	C:\Windows\system32\ACTXPRXY.DLL
0x722b0000 - 0x723b7000 	C:\Windows\system32\SHDOCVW.dll
0x70010000 - 0x70aa2000 	C:\Windows\system32\ieframe.dll
0x761b0000 - 0x76398000 	C:\Windows\system32\iertutil.dll
0x07860000 - 0x07875000 	C:\Windows\System32\jmutil.dll
0x07530000 - 0x0753b000 	C:\Windows\System32\jmvcm.dll
0x6cf60000 - 0x6cf83000 	C:\Windows\system32\MSVFW32.dll
0x07880000 - 0x07888000 	C:\Windows\System32\jmddraw.dll
0x6f590000 - 0x6f675000 	C:\Windows\system32\DDRAW.dll
0x715e0000 - 0x715e6000 	C:\Windows\system32\DCIMAN32.dll
0x08c90000 - 0x08c9a000 	C:\Windows\System32\jmgdi.dll
0x092e0000 - 0x09318000 	C:\Windows\system32\xvidvfw.dll
0x0a950000 - 0x0aa9a000 	C:\Windows\system32\xvidcore.dll
0x6d5d0000 - 0x6d5f4000 	C:\Program Files\Java\jdk1.6.0_18\jre\bin\jsound.dll
0x6d600000 - 0x6d608000 	C:\Program Files\Java\jdk1.6.0_18\jre\bin\jsoundds.dll
0x699e0000 - 0x69a50000 	C:\Windows\system32\DSOUND.dll
0x75270000 - 0x7528a000 	C:\Windows\system32\POWRPROF.dll
0x746b0000 - 0x746df000 	C:\Windows\system32\wdmaud.drv
0x74c80000 - 0x74c84000 	C:\Windows\system32\ksuser.dll
0x74cf0000 - 0x74d17000 	C:\Windows\system32\MMDevAPI.DLL
0x75090000 - 0x75097000 	C:\Windows\system32\AVRT.dll
0x74cc0000 - 0x74ced000 	C:\Windows\system32\WINTRUST.dll
0x75920000 - 0x75a11000 	C:\Windows\system32\CRYPT32.dll
0x75a80000 - 0x75a92000 	C:\Windows\system32\MSASN1.dll
0x767c0000 - 0x767e9000 	C:\Windows\system32\imagehlp.dll
0x74680000 - 0x746a1000 	C:\Windows\system32\AUDIOSES.DLL
0x74610000 - 0x74676000 	C:\Windows\system32\audioeng.dll
0x74600000 - 0x74609000 	C:\Windows\system32\msacm32.drv
0x745e0000 - 0x745f4000 	C:\Windows\system32\MSACM32.dll
0x745a0000 - 0x745a7000 	C:\Windows\system32\midimap.dll
0x6d410000 - 0x6d416000 	C:\Program Files\Java\jdk1.6.0_18\jre\bin\jawt.dll
0x09320000 - 0x09329000 	C:\Windows\System32\jmfjawt.dll
0x75250000 - 0x75255000 	C:\Windows\System32\wshtcpip.dll
0x74b70000 - 0x74b7f000 	C:\Windows\system32\NLAapi.dll
0x75880000 - 0x75899000 	C:\Windows\system32\IPHLPAPI.DLL
0x75840000 - 0x75875000 	C:\Windows\system32\dhcpcsvc.DLL
0x75ac0000 - 0x75aec000 	C:\Windows\system32\DNSAPI.dll
0x75dd0000 - 0x75dd7000 	C:\Windows\system32\WINNSI.DLL
0x75810000 - 0x75831000 	C:\Windows\system32\dhcpcsvc6.DLL
0x72140000 - 0x7214f000 	C:\Windows\system32\napinsp.dll
0x72120000 - 0x72132000 	C:\Windows\system32\pnrpnsp.dll
0x72110000 - 0x7211c000 	C:\Windows\system32\wshbth.dll
0x72100000 - 0x72108000 	C:\Windows\System32\winrnr.dll
0x76770000 - 0x767ba000 	C:\Windows\system32\WLDAP32.dll
0x72150000 - 0x72156000 	C:\Windows\system32\rasadhlp.dll

VM Arguments:
java_command: D:\bai tap\java\DO AN\DOWN VE\lan 2\0941037_0941041_0941120\File Build\Server\build\jar\Server.jar
Launcher Type: SUN_STANDARD

Environment Variables:
CLASSPATH=.;.;.;.;C:\PROGRA~1\JMF21~1.1E\lib\sound.jar;C:\PROGRA~1\JMF21~1.1E\lib\jmf.jar;C:\PROGRA~1\JMF21~1.1E\lib;
PATH=C:\Program Files\PC Connectivity Solution\;C:\Windows\system32;C:\Windows;C:\Windows\System32\Wbem;C:\Program Files\ATI Technologies\ATI.ACE\Core-Static;C:\Program Files\ASUS Security Center\ASUS Security Protect Manager\bin;C:\Program Files\Java\jdk1.6.0_18\bin\;C:\Program Files\Microsoft SQL Server\80\Tools\Binn\;C:\Program Files\Microsoft SQL Server\90\Tools\binn\;C:\Program Files\Intel\WiFi\bin\;C:\Program Files\Common Files\Intel\WirelessCommon\
USERNAME=Asus
OS=Windows_NT
PROCESSOR_IDENTIFIER=x86 Family 6 Model 23 Stepping 6, GenuineIntel



---------------  S Y S T E M  ---------------

OS: Windows Vista Build 6001 Service Pack 1

CPU:total 2 (2 cores per cpu, 1 threads per core) family 6 model 23 stepping 6, cmov, cx8, fxsr, mmx, sse, sse2, sse3, ssse3, sse4.1

Memory: 4k page, physical 2095468k(916152k free), swap 4439792k(2905672k free)

vm_info: Java HotSpot(TM) Client VM (16.0-b13) for windows-x86 JRE (1.6.0_18-b07), built on Dec 17 2009 13:35:55 by "java_re" with MS VC++ 7.1 (VS2003)

time: Fri Dec 17 21:04:04 2010
elapsed time: 55 seconds

