#
# A fatal error has been detected by the Java Runtime Environment:
#
#  EXCEPTION_ACCESS_VIOLATION (0xc0000005) at pc=0x09cc98f4, pid=6288, tid=3504
#
# JRE version: 6.0_22-b04
# Java VM: Java HotSpot(TM) Client VM (17.1-b03 mixed mode, sharing windows-x86 )
# Problematic frame:
# C  [xvidvfw.dll+0x98f4]
#
# If you would like to submit a bug report, please visit:
#   http://java.sun.com/webapps/bugreport/crash.jsp
#

---------------  T H R E A D  ---------------

Current thread (0x0191f800):  VMThread [stack: 0x03bb0000,0x03c00000] [id=3504]

siginfo: ExceptionCode=0xc0000005, reading address 0x0c5d41c8

Registers:
EAX=0x0c5d3180, EBX=0x6bb45020, ECX=0x00000004, EDX=0x00000001
ESP=0x03bfede8, EBP=0x0c5d3180, ESI=0x0c5d3180, EDI=0x00000000
EIP=0x09cc98f4, EFLAGS=0x00010202

Top of Stack: (sp=0x03bfede8)
0x03bfede8:   6bb4c7c0 6bb4c7c0 09cc750a 03bffba8
0x03bfedf8:   03bffba8 03bffba8 03bfee14 6d893617
0x03bfee08:   03bffba8 03bffba8 384dd4c8 03bfee28
0x03bfee18:   6d875fd9 00000042 384dd320 03bffba8
0x03bfee28:   03bfee40 6d890b11 384dd320 03bffba8
0x03bfee38:   00000014 384dd878 03bffba8 03bfee5c
0x03bfee48:   6d95ede6 384dd884 03bffba8 384c3f00
0x03bfee58:   38ae23bc 03bfee7c 6d8cbd7c 38ae23bc 

Instructions: (pc=0x09cc98f4)
0x09cc98e4:   c3 90 90 90 8b 44 24 04 56 56 8b f0 85 f6 74 45
0x09cc98f4:   8b 96 48 10 00 00 85 d2 74 24 8b 8e d0 0d 00 00 


Stack: [0x03bb0000,0x03c00000],  sp=0x03bfede8,  free space=13b03bfe944k
Native frames: (J=compiled Java code, j=interpreted, Vv=VM code, C=native code)
C  [xvidvfw.dll+0x98f4]

[error occurred during error reporting (printing native stack), id 0xc0000005]

VM_Operation (0x069df460): Exit, mode: safepoint, requested by thread 0x019ef400


---------------  P R O C E S S  ---------------

Java Threads: ( => current thread )
  0x04990c00 JavaThread "Progress Slider thread" [_thread_blocked, id=9328, stack(0x0efb0000,0x0f000000)]
  0x0492b400 JavaThread "Image Fetcher 3" daemon [_thread_blocked, id=9628, stack(0x0e030000,0x0e080000)]
  0x0492cc00 JavaThread "Image Fetcher 2" daemon [_thread_blocked, id=9280, stack(0x0de50000,0x0dea0000)]
  0x04899c00 JavaThread "Image Fetcher 1" daemon [_thread_blocked, id=8244, stack(0x0aa20000,0x0aa70000)]
  0x04990800 JavaThread "Image Fetcher 0" daemon [_thread_blocked, id=7448, stack(0x0ef60000,0x0efb0000)]
  0x04990000 JavaThread "Loop thread: com.sun.media.parser.video.AviParser$VideoTrack@12801c5" [_thread_blocked, id=7284, stack(0x0ef10000,0x0ef60000)]
  0x0492d800 JavaThread "Loop thread: com.sun.media.renderer.video.GDIRenderer@27f394" [_thread_blocked, id=5052, stack(0x08eb0000,0x08f00000)]
  0x0492d000 JavaThread "Loop thread" [_thread_blocked, id=6644, stack(0x095f0000,0x09640000)]
  0x0492a000 JavaThread "JMF thread: SendEventQueue: com.sun.media.PlaybackEngine" [_thread_blocked, id=5828, stack(0x084f0000,0x08540000)]
  0x0492c000 JavaThread "JMF thread: SendEventQueue: com.sun.media.content.unknown.Handler" [_thread_blocked, id=4044, stack(0x08270000,0x082c0000)]
  0x0492c400 JavaThread "bbb" [_thread_in_native, id=9440, stack(0x09a40000,0x09a90000)]
  0x0492b800 JavaThread "bbb" [_thread_in_native, id=4192, stack(0x09290000,0x092e0000)]
  0x0492ac00 JavaThread "bbb" [_thread_in_native, id=6764, stack(0x090e0000,0x09130000)]
  0x0492a800 JavaThread "bbb" [_thread_in_native, id=7100, stack(0x0dea0000,0x0def0000)]
  0x04899400 JavaThread "Java Sound Event Dispatcher" daemon [_thread_blocked, id=5868, stack(0x0d870000,0x0d8c0000)]
  0x04897c00 JavaThread "Thread-5" [_thread_in_native, id=7932, stack(0x0d720000,0x0d770000)]
  0x04897800 JavaThread "abc" [_thread_in_native, id=7156, stack(0x0c510000,0x0c560000)]
  0x04899000 JavaThread "Loop thread: com.sun.media.parser.video.AviParser$VideoTrack@329f3d" [_thread_blocked, id=9624, stack(0x0a700000,0x0a750000)]
  0x04898800 JavaThread "Loop thread: com.sun.media.renderer.video.GDIRenderer@ece65" [_thread_blocked, id=5724, stack(0x0a690000,0x0a6e0000)]
  0x04898400 JavaThread "Loop thread" [_thread_blocked, id=5124, stack(0x0a5f0000,0x0a640000)]
  0x04897000 JavaThread "JMF thread: SendEventQueue: com.sun.media.PlaybackEngine" [_thread_blocked, id=8240, stack(0x09d10000,0x09d60000)]
  0x04896c00 JavaThread "JMF thread: SendEventQueue: com.sun.media.content.unknown.Handler" [_thread_blocked, id=9268, stack(0x09ba0000,0x09bf0000)]
  0x04896400 JavaThread "JMF thread: SendEventQueue: com.sun.media.PlaybackEngine" [_thread_blocked, id=8284, stack(0x09880000,0x098d0000)]
  0x0484d800 JavaThread "JMF thread: SendEventQueue: com.sun.media.content.unknown.Handler" [_thread_blocked, id=9080, stack(0x09830000,0x09880000)]
  0x04895000 JavaThread "JMF thread: SendEventQueue: com.sun.media.PlaybackEngine" [_thread_blocked, id=5224, stack(0x097e0000,0x09830000)]
  0x04894800 JavaThread "JMF thread: SendEventQueue: com.sun.media.content.unknown.Handler" [_thread_blocked, id=8064, stack(0x09790000,0x097e0000)]
  0x04838400 JavaThread "JMF thread: SendEventQueue: com.sun.media.PlaybackEngine" [_thread_blocked, id=6212, stack(0x085d0000,0x08620000)]
  0x04837c00 JavaThread "JMF thread: SendEventQueue: com.sun.media.content.unknown.Handler" [_thread_blocked, id=6484, stack(0x08580000,0x085d0000)]
  0x047ed400 JavaThread "TimerQueue" daemon [_thread_blocked, id=5264, stack(0x06890000,0x068e0000)]
  0x01a19000 JavaThread "DestroyJavaVM" [_thread_blocked, id=688, stack(0x003a0000,0x003f0000)]
  0x019ef400 JavaThread "AWT-EventQueue-0" [_thread_blocked, id=2968, stack(0x06990000,0x069e0000)]
  0x019e9800 JavaThread "AWT-Shutdown" [_thread_blocked, id=8476, stack(0x03fa0000,0x03ff0000)]
  0x019ddc00 JavaThread "Java2D Disposer" daemon [_thread_blocked, id=9516, stack(0x03e40000,0x03e90000)]
  0x0194bc00 JavaThread "Low Memory Detector" daemon [_thread_blocked, id=7072, stack(0x03d90000,0x03de0000)]
  0x0192fc00 JavaThread "CompilerThread0" daemon [_thread_blocked, id=6072, stack(0x03d40000,0x03d90000)]
  0x0192dc00 JavaThread "Attach Listener" daemon [_thread_blocked, id=9012, stack(0x03cf0000,0x03d40000)]
  0x0192ac00 JavaThread "Signal Dispatcher" daemon [_thread_blocked, id=6512, stack(0x03ca0000,0x03cf0000)]
  0x01925c00 JavaThread "Finalizer" daemon [_thread_blocked, id=3956, stack(0x03c50000,0x03ca0000)]
  0x01921000 JavaThread "Reference Handler" daemon [_thread_blocked, id=4360, stack(0x03c00000,0x03c50000)]

Other Threads:
=>0x0191f800 VMThread [stack: 0x03bb0000,0x03c00000] [id=3504]

VM state:at safepoint (shutting down)

VM Mutex/Monitor currently owned by a thread:  ([mutex/lock_event])
[0x01a17548] Threads_lock - owner thread: 0x0191f800

Heap
 def new generation   total 9984K, used 9023K [0x23ac0000, 0x24590000, 0x29010000)
  eden space 8896K,  93% used [0x23ac0000, 0x242dfba8, 0x24370000)
  from space 1088K,  64% used [0x24480000, 0x24530340, 0x24590000)
  to   space 1088K,   0% used [0x24370000, 0x24370000, 0x24480000)
 tenured generation   total 21872K, used 13833K [0x29010000, 0x2a56c000, 0x33ac0000)
   the space 21872K,  63% used [0x29010000, 0x29d926d8, 0x29d92800, 0x2a56c000)
 compacting perm gen  total 12288K, used 2608K [0x33ac0000, 0x346c0000, 0x37ac0000)
   the space 12288K,  21% used [0x33ac0000, 0x33d4c148, 0x33d4c200, 0x346c0000)
    ro space 10240K,  51% used [0x37ac0000, 0x37febaf8, 0x37febc00, 0x384c0000)
    rw space 12288K,  54% used [0x384c0000, 0x38b576d8, 0x38b57800, 0x390c0000)

Dynamic libraries:
0x00400000 - 0x00424000 	C:\Program Files\Java\jre6\bin\javaw.exe
0x77d70000 - 0x77eac000 	C:\Windows\SYSTEM32\ntdll.dll
0x77310000 - 0x773e4000 	C:\Windows\system32\kernel32.dll
0x75f70000 - 0x75fba000 	C:\Windows\system32\KERNELBASE.dll
0x77450000 - 0x774f0000 	C:\Windows\system32\ADVAPI32.dll
0x77cc0000 - 0x77d6c000 	C:\Windows\system32\msvcrt.dll
0x76270000 - 0x76289000 	C:\Windows\SYSTEM32\sechost.dll
0x776e0000 - 0x77781000 	C:\Windows\system32\RPCRT4.dll
0x763a0000 - 0x76469000 	C:\Windows\system32\USER32.dll
0x772a0000 - 0x772ee000 	C:\Windows\system32\GDI32.dll
0x77300000 - 0x7730a000 	C:\Windows\system32\LPK.dll
0x761d0000 - 0x7626d000 	C:\Windows\system32\USP10.dll
0x77eb0000 - 0x77ecf000 	C:\Windows\system32\IMM32.DLL
0x777c0000 - 0x7788c000 	C:\Windows\system32\MSCTF.dll
0x7c340000 - 0x7c396000 	C:\Program Files\Java\jre6\bin\msvcr71.dll
0x6d7f0000 - 0x6da97000 	C:\Program Files\Java\jre6\bin\client\jvm.dll
0x6fd20000 - 0x6fd52000 	C:\Windows\system32\WINMM.dll
0x75dd0000 - 0x75e1b000 	C:\Windows\system32\apphelp.dll
0x6d7a0000 - 0x6d7ac000 	C:\Program Files\Java\jre6\bin\verify.dll
0x6d320000 - 0x6d33f000 	C:\Program Files\Java\jre6\bin\java.dll
0x6d280000 - 0x6d288000 	C:\Program Files\Java\jre6\bin\hpi.dll
0x77ed0000 - 0x77ed5000 	C:\Windows\system32\PSAPI.DLL
0x6d7e0000 - 0x6d7ef000 	C:\Program Files\Java\jre6\bin\zip.dll
0x6d000000 - 0x6d14a000 	C:\Program Files\Java\jre6\bin\awt.dll
0x715c0000 - 0x71611000 	C:\Windows\system32\WINSPOOL.DRV
0x774f0000 - 0x7764c000 	C:\Windows\system32\ole32.dll
0x75270000 - 0x7540e000 	C:\Windows\WinSxS\x86_microsoft.windows.common-controls_6595b64144ccf1df_6.0.7600.16385_none_421189da2b7fabfc\COMCTL32.dll
0x773f0000 - 0x77447000 	C:\Windows\system32\SHLWAPI.dll
0x74570000 - 0x74583000 	C:\Windows\system32\DWMAPI.DLL
0x748a0000 - 0x748e0000 	C:\Windows\system32\uxtheme.dll
0x6d230000 - 0x6d27f000 	C:\Program Files\Java\jre6\bin\fontmanager.dll
0x10000000 - 0x1001b000 	C:\Program Files\Stardock\ObjectDock\DockShellHook.dll
0x75e20000 - 0x75e2c000 	C:\Windows\system32\CRYPTBASE.dll
0x74de0000 - 0x74de9000 	C:\Windows\system32\VERSION.dll
0x6cb20000 - 0x6cb28000 	C:\Windows\system32\atiu9pag.dll
0x6c3a0000 - 0x6c72e000 	C:\Windows\system32\atiumdag.dll
0x6c820000 - 0x6cb12000 	C:\Windows\system32\atiumdva.dll
0x76470000 - 0x770b9000 	C:\Windows\system32\shell32.dll
0x6d600000 - 0x6d613000 	C:\Program Files\Java\jre6\bin\net.dll
0x77ee0000 - 0x77f15000 	C:\Windows\system32\WS2_32.dll
0x77110000 - 0x77116000 	C:\Windows\system32\NSI.dll
0x75930000 - 0x7596c000 	C:\Windows\system32\mswsock.dll
0x75920000 - 0x75926000 	C:\Windows\System32\wship6.dll
0x6d620000 - 0x6d629000 	C:\Program Files\Java\jre6\bin\nio.dll
0x77650000 - 0x776d3000 	C:\Windows\system32\CLBCatQ.DLL
0x77a30000 - 0x77abf000 	C:\Windows\system32\OLEAUT32.dll
0x04310000 - 0x04317000 	C:\Program Files\IDM\idmmkb.dll
0x06820000 - 0x06854000 	D:\Programs\UniKey 4.0.8 Final\UKHook40.dll
0x77f20000 - 0x77f9b000 	C:\Windows\system32\COMDLG32.DLL
0x74470000 - 0x7456b000 	C:\Windows\system32\WindowsCodecs.dll
0x71170000 - 0x711a1000 	C:\Windows\system32\EhStorShell.dll
0x77890000 - 0x77a2d000 	C:\Windows\system32\SETUPAPI.dll
0x75f40000 - 0x75f67000 	C:\Windows\system32\CFGMGR32.dll
0x75f20000 - 0x75f32000 	C:\Windows\system32\DEVOBJ.dll
0x748e0000 - 0x749d5000 	C:\Windows\system32\PROPSYS.dll
0x661c0000 - 0x663dd000 	C:\PROGRA~1\MICROS~1\Office12\GR469A~1.DLL
0x68ef0000 - 0x68fe1000 	C:\PROGRA~1\MICROS~1\Office12\GrooveUtil.DLL
0x77120000 - 0x77238000 	C:\Windows\system32\WININET.dll
0x772f0000 - 0x772f3000 	C:\Windows\system32\Normaliz.dll
0x77ac0000 - 0x77cb9000 	C:\Windows\system32\iertutil.dll
0x76290000 - 0x763a0000 	C:\Windows\system32\urlmon.dll
0x761a0000 - 0x761cf000 	C:\Windows\system32\XmlLite.dll
0x76080000 - 0x7619c000 	C:\Windows\system32\CRYPT32.dll
0x75f10000 - 0x75f1c000 	C:\Windows\system32\MSASN1.dll
0x713b0000 - 0x7144b000 	C:\Windows\WinSxS\x86_microsoft.vc80.crt_1fc8b3b9a1e18e3b_8.0.50727.4927_none_d08a205e442db5b5\MSVCR80.dll
0x68ff0000 - 0x68ff7000 	C:\PROGRA~1\MICROS~1\Office12\GrooveNew.DLL
0x71020000 - 0x7103b000 	C:\Windows\WinSxS\x86_microsoft.vc80.atl_1fc8b3b9a1e18e3b_8.0.50727.4053_none_d1c738ec43578ea1\ATL80.DLL
0x75970000 - 0x75986000 	C:\Windows\system32\CRYPTSP.dll
0x75710000 - 0x7574b000 	C:\Windows\system32\rsaenh.dll
0x71010000 - 0x71015000 	C:\Windows\system32\MSImg32.dll
0x70fa0000 - 0x7100a000 	C:\Windows\System32\cscui.dll
0x70f90000 - 0x70f99000 	C:\Windows\System32\CSCDLL.dll
0x71040000 - 0x7104b000 	C:\Windows\system32\CSCAPI.dll
0x70f20000 - 0x70f8f000 	C:\Windows\system32\ntshrui.dll
0x75b10000 - 0x75b29000 	C:\Windows\system32\srvcli.dll
0x74ea0000 - 0x74eaa000 	C:\Windows\system32\slc.dll
0x75530000 - 0x75551000 	C:\Windows\system32\ntmarta.dll
0x770c0000 - 0x77105000 	C:\Windows\system32\WLDAP32.dll
0x75ea0000 - 0x75eab000 	C:\Windows\system32\profapi.dll
0x75e90000 - 0x75e9e000 	C:\Windows\system32\RpcRtRemote.dll
0x66dd0000 - 0x66e2c000 	C:\Windows\System32\StructuredQuery.dll
0x75b80000 - 0x75b88000 	C:\Windows\System32\Secur32.dll
0x75ca0000 - 0x75cba000 	C:\Windows\System32\SSPICLI.DLL
0x72f20000 - 0x72f6e000 	C:\Windows\system32\actxprxy.dll
0x68110000 - 0x68144000 	C:\Program Files\Internet Explorer\ieproxy.dll
0x6bfe0000 - 0x6c00e000 	C:\Windows\system32\SHDOCVW.dll
0x694d0000 - 0x6a09b000 	C:\Windows\system32\ieframe.DLL
0x6ccd0000 - 0x6cd0c000 	C:\Windows\system32\OLEACC.dll
0x66070000 - 0x6610f000 	C:\Windows\system32\SearchFolder.dll
0x65e30000 - 0x65e67000 	C:\PROGRA~1\MICROS~1\Office12\GRA32A~1.DLL
0x705f0000 - 0x70722000 	C:\Windows\System32\msxml3.dll
0x6cb30000 - 0x6ccc8000 	C:\Windows\system32\NetworkExplorer.dll
0x6bfd0000 - 0x6bfd9000 	C:\Windows\system32\LINKINFO.dll
0x74340000 - 0x7434f000 	C:\Windows\system32\samcli.dll
0x749e0000 - 0x749f2000 	C:\Windows\system32\SAMLIB.dll
0x75190000 - 0x75199000 	C:\Windows\system32\netutils.dll
0x63520000 - 0x63572000 	C:\Windows\system32\PhotoMetadataHandler.dll
0x623a0000 - 0x626ac000 	C:\Windows\System32\mf.dll
0x74ec0000 - 0x74ed4000 	C:\Windows\System32\ATL.DLL
0x69310000 - 0x69369000 	C:\Windows\System32\MFPlat.DLL
0x74170000 - 0x74177000 	C:\Windows\System32\AVRT.dll
0x6c350000 - 0x6c354000 	C:\Windows\System32\ksuser.dll
0x08540000 - 0x08555000 	C:\Windows\System32\jmutil.dll
0x08560000 - 0x0856b000 	C:\Windows\System32\jmvcm.dll
0x6bb30000 - 0x6bb51000 	C:\Windows\system32\MSVFW32.dll
0x0bdf0000 - 0x0c211000 	C:\Program Files\K-Lite Codec Pack\ffdshow\ffdshow.ax
0x67fc0000 - 0x67fe5000 	C:\Windows\system32\DINPUT.dll
0x08620000 - 0x08628000 	C:\Windows\System32\jmddraw.dll
0x6f2f0000 - 0x6f3d7000 	C:\Windows\system32\DDRAW.dll
0x71ce0000 - 0x71ce6000 	C:\Windows\system32\DCIMAN32.dll
0x099d0000 - 0x099da000 	C:\Windows\System32\jmgdi.dll
0x09cc0000 - 0x09cee000 	C:\Windows\system32\xvidvfw.dll
0x0c220000 - 0x0c353000 	C:\Windows\system32\xvidcore.dll
0x099f0000 - 0x099fd000 	C:\Windows\System32\jmacm.dll
0x72f90000 - 0x72fa4000 	C:\Windows\system32\MSACM32.dll
0x728c0000 - 0x728c8000 	C:\Windows\system32\imaadp32.acm
0x6bbe0000 - 0x6bbe7000 	C:\Windows\system32\msg711.acm
0x6b8b0000 - 0x6b8b9000 	C:\Windows\system32\msgsm32.acm
0x6a3c0000 - 0x6a3c8000 	C:\Windows\system32\msadp32.acm
0x0a560000 - 0x0a591000 	C:\Windows\system32\ac3acm.acm
0x0cd10000 - 0x0ce15000 	C:\Windows\system32\lameACM.acm
0x66770000 - 0x6678e000 	C:\Windows\system32\URL.dll
0x663e0000 - 0x663f2000 	C:\Windows\System32\l3codeca.acm
0x68d80000 - 0x68d93000 	C:\Windows\system32\sirenacm.dll
0x6d350000 - 0x6d356000 	C:\Program Files\Java\jre6\bin\jawt.dll
0x09c90000 - 0x09c99000 	C:\Windows\System32\jmfjawt.dll
0x0d770000 - 0x0d7b7000 	C:\Program Files\Avira\AntiVir Desktop\avsda.dll
0x74dc0000 - 0x74ddc000 	C:\Windows\system32\IPHLPAPI.DLL

VM Arguments:
java_command: C:\Users\Dan\Desktop\File Jar Quay demo\File Jar Quay demo\dist_server\0941037-0941041-0941120.jar
Launcher Type: SUN_STANDARD

Environment Variables:
CLASSPATH=.;.;C:\PROGRA~1\JMF21~1.1E\lib\sound.jar;C:\PROGRA~1\JMF21~1.1E\lib\jmf.jar;C:\PROGRA~1\JMF21~1.1E\lib;
PATH=C:\Program Files\PC Connectivity Solution\;C:\Program Files\Common Files\Microsoft Shared\Windows Live;C:\Windows\system32;C:\Windows;C:\Windows\System32\Wbem;C:\Windows\System32\WindowsPowerShell\v1.0\;C:\Program Files\ATI Technologies\ATI.ACE\Core-Static;c:\Program Files\Microsoft SQL Server\90\Tools\binn\;C:\Program Files\Microsoft SQL Server\80\Tools\Binn\;C:\Program Files\Microsoft SQL Server\90\DTS\Binn\;C:\Program Files\Microsoft SQL Server\100\Tools\Binn\;C:\Program Files\Microsoft SQL Server\100\DTS\Binn\;C:\Program Files\Common Files\Microsoft Shared\Windows Live
USERNAME=Dan
OS=Windows_NT
PROCESSOR_IDENTIFIER=x86 Family 6 Model 23 Stepping 6, GenuineIntel



---------------  S Y S T E M  ---------------

OS: Windows 7 Build 7600 

CPU:total 2 (2 cores per cpu, 1 threads per core) family 6 model 23 stepping 6, cmov, cx8, fxsr, mmx, sse, sse2, sse3, ssse3, sse4.1

Memory: 4k page, physical 3144952k(1529420k free), swap 6288140k(2296888k free)

vm_info: Java HotSpot(TM) Client VM (17.1-b03) for windows-x86 JRE (1.6.0_22-b04), built on Sep 15 2010 00:56:36 by "java_re" with MS VC++ 7.1 (VS2003)

time: Fri Dec 03 12:58:55 2010
elapsed time: 189 seconds

