#
# A fatal error has been detected by the Java Runtime Environment:
#
#  EXCEPTION_ACCESS_VIOLATION (0xc0000005) at pc=0x095898f4, pid=1160, tid=1520
#
# JRE version: 6.0_22-b04
# Java VM: Java HotSpot(TM) Client VM (17.1-b03 mixed mode, sharing windows-x86 )
# Problematic frame:
# C  [xvidvfw.dll+0x98f4]
#
# If you would like to submit a bug report, please visit:
#   http://java.sun.com/webapps/bugreport/crash.jsp
#

---------------  T H R E A D  ---------------

Current thread (0x0199f800):  VMThread [stack: 0x03c00000,0x03c50000] [id=1520]

siginfo: ExceptionCode=0xc0000005, reading address 0x0c4941c8

Registers:
EAX=0x0c493180, EBX=0x6a3b5020, ECX=0x00000004, EDX=0x00000001
ESP=0x03c4ede8, EBP=0x0c493180, ESI=0x0c493180, EDI=0x00000000
EIP=0x095898f4, EFLAGS=0x00010202

Top of Stack: (sp=0x03c4ede8)
0x03c4ede8:   6a3bc7c0 6a3bc7c0 0958750a 03c4fba8
0x03c4edf8:   03c4fba8 03c4fba8 03c4ee14 6d893617
0x03c4ee08:   03c4fba8 03c4fba8 384dd4c8 03c4ee28
0x03c4ee18:   6d875fd9 00000042 384dd320 03c4fba8
0x03c4ee28:   03c4ee40 6d890b11 384dd320 03c4fba8
0x03c4ee38:   00000014 384dd878 03c4fba8 03c4ee5c
0x03c4ee48:   6d95ede6 384dd884 03c4fba8 384c3f00
0x03c4ee58:   38ae23bc 03c4ee7c 6d8cbd7c 38ae23bc 

Instructions: (pc=0x095898f4)
0x095898e4:   c3 90 90 90 8b 44 24 04 56 56 8b f0 85 f6 74 45
0x095898f4:   8b 96 48 10 00 00 85 d2 74 24 8b 8e d0 0d 00 00 


Stack: [0x03c00000,0x03c50000],  sp=0x03c4ede8,  free space=13b03c4e944k
Native frames: (J=compiled Java code, j=interpreted, Vv=VM code, C=native code)
C  [xvidvfw.dll+0x98f4]

[error occurred during error reporting (printing native stack), id 0xc0000005]

VM_Operation (0x0657f450): Exit, mode: safepoint, requested by thread 0x01a5d000


---------------  P R O C E S S  ---------------

Java Threads: ( => current thread )
  0x040c7800 JavaThread "bbb" [_thread_in_native, id=4692, stack(0x0e180000,0x0e1d0000)]
  0x04147000 JavaThread "bbb" [_thread_in_native, id=2100, stack(0x0e0e0000,0x0e130000)]
  0x040c6000 JavaThread "Progress Slider thread" [_thread_blocked, id=5512, stack(0x0dbf0000,0x0dc40000)]
  0x04146400 JavaThread "Loop thread: com.sun.media.parser.video.AviParser$AudioTrack@1c2a1ed" [_thread_blocked, id=6748, stack(0x0eba0000,0x0ebf0000)]
  0x04145c00 JavaThread "Loop thread: com.sun.media.parser.video.AviParser$VideoTrack@7ab40c" [_thread_blocked, id=9068, stack(0x0eb50000,0x0eba0000)]
  0x04145800 JavaThread "Loop thread: com.sun.media.renderer.audio.JavaSoundRenderer@1b595f3" [_thread_blocked, id=4892, stack(0x0eb00000,0x0eb50000)]
  0x040c6400 JavaThread "Loop thread: com.sun.media.renderer.video.GDIRenderer@15d4273" [_thread_blocked, id=7288, stack(0x0cdd0000,0x0ce20000)]
  0x040c6c00 JavaThread "Loop thread" [_thread_blocked, id=7580, stack(0x0ce20000,0x0ce70000)]
  0x040c5800 JavaThread "JMF thread: SendEventQueue: com.sun.media.PlaybackEngine" [_thread_blocked, id=4128, stack(0x0cd80000,0x0cdd0000)]
  0x040c7000 JavaThread "JMF thread: SendEventQueue: com.sun.media.content.unknown.Handler" [_thread_blocked, id=7412, stack(0x0c2d0000,0x0c320000)]
  0x040c5400 JavaThread "bbb" [_thread_in_native, id=9300, stack(0x0d8c0000,0x0d910000)]
  0x040c4800 JavaThread "bbb" [_thread_in_native, id=6196, stack(0x0d7e0000,0x0d830000)]
  0x040c4000 JavaThread "bbb" [_thread_in_native, id=4800, stack(0x0d6c0000,0x0d710000)]
  0x03fd1000 JavaThread "Thread-6" [_thread_in_native, id=8888, stack(0x097f0000,0x09840000)]
  0x03fd1400 JavaThread "abc" [_thread_in_native, id=8848, stack(0x09760000,0x097b0000)]
  0x03fd3800 JavaThread "Loop thread: com.sun.media.parser.video.AviParser$AudioTrack@1786e64" [_thread_blocked, id=5508, stack(0x0c440000,0x0c490000)]
  0x03fd3400 JavaThread "Loop thread: com.sun.media.parser.video.AviParser$VideoTrack@4413ee" [_thread_blocked, id=7304, stack(0x0c3f0000,0x0c440000)]
  0x03fd2c00 JavaThread "Loop thread: com.sun.media.renderer.audio.JavaSoundRenderer@86c347" [_thread_blocked, id=6348, stack(0x06880000,0x068d0000)]
  0x03fd2800 JavaThread "Java Sound Event Dispatcher" daemon [_thread_blocked, id=7808, stack(0x0c350000,0x0c3a0000)]
  0x03fd1c00 JavaThread "Loop thread: com.sun.media.renderer.video.GDIRenderer@16b13c7" [_thread_blocked, id=8860, stack(0x0c110000,0x0c160000)]
  0x03fd0400 JavaThread "Loop thread" [_thread_blocked, id=3948, stack(0x095b0000,0x09600000)]
  0x03fd7c00 JavaThread "JMF thread: SendEventQueue: com.sun.media.PlaybackEngine" [_thread_blocked, id=7868, stack(0x094e0000,0x09530000)]
  0x019e7400 JavaThread "JMF thread: SendEventQueue: com.sun.media.content.unknown.Handler" [_thread_blocked, id=1496, stack(0x091c0000,0x09210000)]
  0x040b1000 JavaThread "TimerQueue" daemon [_thread_blocked, id=5316, stack(0x06a80000,0x06ad0000)]
  0x01969000 JavaThread "DestroyJavaVM" [_thread_blocked, id=7864, stack(0x018f0000,0x01940000)]
  0x01a5d000 JavaThread "AWT-EventQueue-0" [_thread_blocked, id=6532, stack(0x06530000,0x06580000)]
  0x01a56c00 JavaThread "AWT-Shutdown" [_thread_blocked, id=2968, stack(0x042f0000,0x04340000)]
  0x01a4dc00 JavaThread "Java2D Disposer" daemon [_thread_blocked, id=2724, stack(0x03f40000,0x03f90000)]
  0x019ca800 JavaThread "Low Memory Detector" daemon [_thread_blocked, id=7060, stack(0x03de0000,0x03e30000)]
  0x019af000 JavaThread "CompilerThread0" daemon [_thread_blocked, id=9884, stack(0x03d90000,0x03de0000)]
  0x019adc00 JavaThread "Attach Listener" daemon [_thread_blocked, id=9516, stack(0x03d40000,0x03d90000)]
  0x019aac00 JavaThread "Signal Dispatcher" daemon [_thread_blocked, id=7648, stack(0x03cf0000,0x03d40000)]
  0x019a5c00 JavaThread "Finalizer" daemon [_thread_blocked, id=3740, stack(0x03ca0000,0x03cf0000)]
  0x019a1000 JavaThread "Reference Handler" daemon [_thread_blocked, id=4976, stack(0x03c50000,0x03ca0000)]

Other Threads:
=>0x0199f800 VMThread [stack: 0x03c00000,0x03c50000] [id=1520]

VM state:at safepoint (shutting down)

VM Mutex/Monitor currently owned by a thread:  ([mutex/lock_event])
[0x01967548] Threads_lock - owner thread: 0x0199f800

Heap
 def new generation   total 10176K, used 3106K [0x23ac0000, 0x245c0000, 0x29010000)
  eden space 9088K,  26% used [0x23ac0000, 0x23d18110, 0x243a0000)
  from space 1088K,  64% used [0x244b0000, 0x24560798, 0x245c0000)
  to   space 1088K,   0% used [0x243a0000, 0x243a0000, 0x244b0000)
 tenured generation   total 22192K, used 13623K [0x29010000, 0x2a5bc000, 0x33ac0000)
   the space 22192K,  61% used [0x29010000, 0x29d5dd40, 0x29d5de00, 0x2a5bc000)
 compacting perm gen  total 12288K, used 2673K [0x33ac0000, 0x346c0000, 0x37ac0000)
   the space 12288K,  21% used [0x33ac0000, 0x33d5c500, 0x33d5c600, 0x346c0000)
    ro space 10240K,  51% used [0x37ac0000, 0x37febaf8, 0x37febc00, 0x384c0000)
    rw space 12288K,  54% used [0x384c0000, 0x38b576d8, 0x38b57800, 0x390c0000)

Dynamic libraries:
0x00400000 - 0x00424000 	C:\Program Files\Java\jre6\bin\javaw.exe
0x77d70000 - 0x77eac000 	C:\Windows\SYSTEM32\ntdll.dll
0x77310000 - 0x773e4000 	C:\Windows\system32\kernel32.dll
0x75f70000 - 0x75fba000 	C:\Windows\system32\KERNELBASE.dll
0x77450000 - 0x774f0000 	C:\Windows\system32\ADVAPI32.dll
0x77cc0000 - 0x77d6c000 	C:\Windows\system32\msvcrt.dll
0x76270000 - 0x76289000 	C:\Windows\SYSTEM32\sechost.dll
0x776e0000 - 0x77781000 	C:\Windows\system32\RPCRT4.dll
0x763a0000 - 0x76469000 	C:\Windows\system32\USER32.dll
0x772a0000 - 0x772ee000 	C:\Windows\system32\GDI32.dll
0x77300000 - 0x7730a000 	C:\Windows\system32\LPK.dll
0x761d0000 - 0x7626d000 	C:\Windows\system32\USP10.dll
0x77eb0000 - 0x77ecf000 	C:\Windows\system32\IMM32.DLL
0x777c0000 - 0x7788c000 	C:\Windows\system32\MSCTF.dll
0x7c340000 - 0x7c396000 	C:\Program Files\Java\jre6\bin\msvcr71.dll
0x6d7f0000 - 0x6da97000 	C:\Program Files\Java\jre6\bin\client\jvm.dll
0x6fd20000 - 0x6fd52000 	C:\Windows\system32\WINMM.dll
0x75dd0000 - 0x75e1b000 	C:\Windows\system32\apphelp.dll
0x6d7a0000 - 0x6d7ac000 	C:\Program Files\Java\jre6\bin\verify.dll
0x6d320000 - 0x6d33f000 	C:\Program Files\Java\jre6\bin\java.dll
0x6d280000 - 0x6d288000 	C:\Program Files\Java\jre6\bin\hpi.dll
0x77ed0000 - 0x77ed5000 	C:\Windows\system32\PSAPI.DLL
0x6d7e0000 - 0x6d7ef000 	C:\Program Files\Java\jre6\bin\zip.dll
0x6d000000 - 0x6d14a000 	C:\Program Files\Java\jre6\bin\awt.dll
0x715c0000 - 0x71611000 	C:\Windows\system32\WINSPOOL.DRV
0x774f0000 - 0x7764c000 	C:\Windows\system32\ole32.dll
0x75270000 - 0x7540e000 	C:\Windows\WinSxS\x86_microsoft.windows.common-controls_6595b64144ccf1df_6.0.7600.16385_none_421189da2b7fabfc\COMCTL32.dll
0x773f0000 - 0x77447000 	C:\Windows\system32\SHLWAPI.dll
0x74570000 - 0x74583000 	C:\Windows\system32\DWMAPI.DLL
0x748a0000 - 0x748e0000 	C:\Windows\system32\uxtheme.dll
0x6d230000 - 0x6d27f000 	C:\Program Files\Java\jre6\bin\fontmanager.dll
0x10000000 - 0x1001b000 	C:\Program Files\Stardock\ObjectDock\DockShellHook.dll
0x75e20000 - 0x75e2c000 	C:\Windows\system32\CRYPTBASE.dll
0x74de0000 - 0x74de9000 	C:\Windows\system32\VERSION.dll
0x6cb20000 - 0x6cb28000 	C:\Windows\system32\atiu9pag.dll
0x6c3a0000 - 0x6c72e000 	C:\Windows\system32\atiumdag.dll
0x6c820000 - 0x6cb12000 	C:\Windows\system32\atiumdva.dll
0x76470000 - 0x770b9000 	C:\Windows\system32\shell32.dll
0x6d600000 - 0x6d613000 	C:\Program Files\Java\jre6\bin\net.dll
0x77ee0000 - 0x77f15000 	C:\Windows\system32\WS2_32.dll
0x77110000 - 0x77116000 	C:\Windows\system32\NSI.dll
0x75930000 - 0x7596c000 	C:\Windows\system32\mswsock.dll
0x75920000 - 0x75926000 	C:\Windows\System32\wship6.dll
0x6d620000 - 0x6d629000 	C:\Program Files\Java\jre6\bin\nio.dll
0x77650000 - 0x776d3000 	C:\Windows\system32\CLBCatQ.DLL
0x77a30000 - 0x77abf000 	C:\Windows\system32\OLEAUT32.dll
0x06600000 - 0x06634000 	D:\Programs\UniKey 4.0.8 Final\UKHook40.dll
0x77f20000 - 0x77f9b000 	C:\Windows\system32\COMDLG32.DLL
0x74470000 - 0x7456b000 	C:\Windows\system32\WindowsCodecs.dll
0x71170000 - 0x711a1000 	C:\Windows\system32\EhStorShell.dll
0x77890000 - 0x77a2d000 	C:\Windows\system32\SETUPAPI.dll
0x75f40000 - 0x75f67000 	C:\Windows\system32\CFGMGR32.dll
0x75f20000 - 0x75f32000 	C:\Windows\system32\DEVOBJ.dll
0x748e0000 - 0x749d5000 	C:\Windows\system32\PROPSYS.dll
0x661c0000 - 0x663dd000 	C:\PROGRA~1\MICROS~1\Office12\GR469A~1.DLL
0x68ef0000 - 0x68fe1000 	C:\PROGRA~1\MICROS~1\Office12\GrooveUtil.DLL
0x77120000 - 0x77238000 	C:\Windows\system32\WININET.dll
0x772f0000 - 0x772f3000 	C:\Windows\system32\Normaliz.dll
0x77ac0000 - 0x77cb9000 	C:\Windows\system32\iertutil.dll
0x76290000 - 0x763a0000 	C:\Windows\system32\urlmon.dll
0x761a0000 - 0x761cf000 	C:\Windows\system32\XmlLite.dll
0x76080000 - 0x7619c000 	C:\Windows\system32\CRYPT32.dll
0x75f10000 - 0x75f1c000 	C:\Windows\system32\MSASN1.dll
0x713b0000 - 0x7144b000 	C:\Windows\WinSxS\x86_microsoft.vc80.crt_1fc8b3b9a1e18e3b_8.0.50727.4927_none_d08a205e442db5b5\MSVCR80.dll
0x68ff0000 - 0x68ff7000 	C:\PROGRA~1\MICROS~1\Office12\GrooveNew.DLL
0x71020000 - 0x7103b000 	C:\Windows\WinSxS\x86_microsoft.vc80.atl_1fc8b3b9a1e18e3b_8.0.50727.4053_none_d1c738ec43578ea1\ATL80.DLL
0x75970000 - 0x75986000 	C:\Windows\system32\CRYPTSP.dll
0x75710000 - 0x7574b000 	C:\Windows\system32\rsaenh.dll
0x71010000 - 0x71015000 	C:\Windows\system32\MSImg32.dll
0x70fa0000 - 0x7100a000 	C:\Windows\System32\cscui.dll
0x70f90000 - 0x70f99000 	C:\Windows\System32\CSCDLL.dll
0x71040000 - 0x7104b000 	C:\Windows\system32\CSCAPI.dll
0x70f20000 - 0x70f8f000 	C:\Windows\system32\ntshrui.dll
0x75b10000 - 0x75b29000 	C:\Windows\system32\srvcli.dll
0x74ea0000 - 0x74eaa000 	C:\Windows\system32\slc.dll
0x75530000 - 0x75551000 	C:\Windows\system32\ntmarta.dll
0x770c0000 - 0x77105000 	C:\Windows\system32\WLDAP32.dll
0x75ea0000 - 0x75eab000 	C:\Windows\system32\profapi.dll
0x75e90000 - 0x75e9e000 	C:\Windows\system32\RpcRtRemote.dll
0x66dd0000 - 0x66e2c000 	C:\Windows\System32\StructuredQuery.dll
0x75b80000 - 0x75b88000 	C:\Windows\System32\Secur32.dll
0x75ca0000 - 0x75cba000 	C:\Windows\System32\SSPICLI.DLL
0x72f20000 - 0x72f6e000 	C:\Windows\system32\actxprxy.dll
0x68110000 - 0x68144000 	C:\Program Files\Internet Explorer\ieproxy.dll
0x6bfe0000 - 0x6c00e000 	C:\Windows\system32\SHDOCVW.dll
0x694d0000 - 0x6a09b000 	C:\Windows\system32\ieframe.DLL
0x6ccd0000 - 0x6cd0c000 	C:\Windows\system32\OLEACC.dll
0x66070000 - 0x6610f000 	C:\Windows\system32\SearchFolder.dll
0x6cb30000 - 0x6ccc8000 	C:\Windows\system32\NetworkExplorer.dll
0x6bfd0000 - 0x6bfd9000 	C:\Windows\system32\LINKINFO.dll
0x74340000 - 0x7434f000 	C:\Windows\system32\samcli.dll
0x749e0000 - 0x749f2000 	C:\Windows\system32\SAMLIB.dll
0x75190000 - 0x75199000 	C:\Windows\system32\netutils.dll
0x65e30000 - 0x65e67000 	C:\PROGRA~1\MICROS~1\Office12\GRA32A~1.DLL
0x705f0000 - 0x70722000 	C:\Windows\System32\msxml3.dll
0x623a0000 - 0x626ac000 	C:\Windows\System32\mf.dll
0x74ec0000 - 0x74ed4000 	C:\Windows\System32\ATL.DLL
0x69310000 - 0x69369000 	C:\Windows\System32\MFPlat.DLL
0x74170000 - 0x74177000 	C:\Windows\System32\AVRT.dll
0x6c350000 - 0x6c354000 	C:\Windows\System32\ksuser.dll
0x08dd0000 - 0x08de5000 	C:\Windows\System32\jmutil.dll
0x08df0000 - 0x08dfb000 	C:\Windows\System32\jmvcm.dll
0x6a3a0000 - 0x6a3c1000 	C:\Windows\system32\MSVFW32.dll
0x0bce0000 - 0x0c101000 	C:\Program Files\K-Lite Codec Pack\ffdshow\ffdshow.ax
0x67fc0000 - 0x67fe5000 	C:\Windows\system32\DINPUT.dll
0x08e00000 - 0x08e08000 	C:\Windows\System32\jmddraw.dll
0x6f2f0000 - 0x6f3d7000 	C:\Windows\system32\DDRAW.dll
0x71ce0000 - 0x71ce6000 	C:\Windows\system32\DCIMAN32.dll
0x094a0000 - 0x094aa000 	C:\Windows\System32\jmgdi.dll
0x09580000 - 0x095ae000 	C:\Windows\system32\xvidvfw.dll
0x0bb40000 - 0x0bc73000 	C:\Windows\system32\xvidcore.dll
0x6d510000 - 0x6d534000 	C:\Program Files\Java\jre6\bin\jsound.dll
0x6d540000 - 0x6d548000 	C:\Program Files\Java\jre6\bin\jsoundds.dll
0x6c7a0000 - 0x6c812000 	C:\Windows\system32\DSOUND.dll
0x74d60000 - 0x74d85000 	C:\Windows\system32\POWRPROF.dll
0x74590000 - 0x745c9000 	C:\Windows\system32\MMDevAPI.DLL
0x6c360000 - 0x6c390000 	C:\Windows\system32\wdmaud.drv
0x6f290000 - 0x6f2c6000 	C:\Windows\system32\AUDIOSES.DLL
0x6c340000 - 0x6c348000 	C:\Windows\system32\msacm32.drv
0x72f90000 - 0x72fa4000 	C:\Windows\system32\MSACM32.dll
0x6c330000 - 0x6c337000 	C:\Windows\system32\midimap.dll
0x6d350000 - 0x6d356000 	C:\Program Files\Java\jre6\bin\jawt.dll
0x068d0000 - 0x068d9000 	C:\Windows\System32\jmfjawt.dll
0x0b730000 - 0x0b777000 	C:\Program Files\Avira\AntiVir Desktop\avsda.dll
0x74dc0000 - 0x74ddc000 	C:\Windows\system32\IPHLPAPI.DLL
0x74db0000 - 0x74db7000 	C:\Windows\system32\WINNSI.DLL
0x74d90000 - 0x74d95000 	C:\Windows\System32\wshtcpip.dll
0x75460000 - 0x75477000 	C:\Windows\system32\USERENV.dll

VM Arguments:
java_command: C:\Users\Dan\Desktop\File Jar Quay demo\File Jar Quay demo\dist_server\0941037-0941041-0941120.jar
Launcher Type: SUN_STANDARD

Environment Variables:
CLASSPATH=.;.;C:\PROGRA~1\JMF21~1.1E\lib\sound.jar;C:\PROGRA~1\JMF21~1.1E\lib\jmf.jar;C:\PROGRA~1\JMF21~1.1E\lib;
PATH=C:\Program Files\PC Connectivity Solution\;C:\Program Files\Common Files\Microsoft Shared\Windows Live;C:\Windows\system32;C:\Windows;C:\Windows\System32\Wbem;C:\Windows\System32\WindowsPowerShell\v1.0\;C:\Program Files\ATI Technologies\ATI.ACE\Core-Static;c:\Program Files\Microsoft SQL Server\90\Tools\binn\;C:\Program Files\Microsoft SQL Server\80\Tools\Binn\;C:\Program Files\Microsoft SQL Server\90\DTS\Binn\;C:\Program Files\Microsoft SQL Server\100\Tools\Binn\;C:\Program Files\Microsoft SQL Server\100\DTS\Binn\;C:\Program Files\Common Files\Microsoft Shared\Windows Live
USERNAME=Dan
OS=Windows_NT
PROCESSOR_IDENTIFIER=x86 Family 6 Model 23 Stepping 6, GenuineIntel



---------------  S Y S T E M  ---------------

OS: Windows 7 Build 7600 

CPU:total 2 (2 cores per cpu, 1 threads per core) family 6 model 23 stepping 6, cmov, cx8, fxsr, mmx, sse, sse2, sse3, ssse3, sse4.1

Memory: 4k page, physical 3144952k(1472080k free), swap 6288140k(2275384k free)

vm_info: Java HotSpot(TM) Client VM (17.1-b03) for windows-x86 JRE (1.6.0_22-b04), built on Sep 15 2010 00:56:36 by "java_re" with MS VC++ 7.1 (VS2003)

time: Fri Dec 03 13:10:17 2010
elapsed time: 183 seconds

