#
# A fatal error has been detected by the Java Runtime Environment:
#
#  EXCEPTION_ACCESS_VIOLATION (0xc0000005) at pc=0x099198f4, pid=1256, tid=9488
#
# JRE version: 6.0_22-b04
# Java VM: Java HotSpot(TM) Client VM (17.1-b03 mixed mode, sharing windows-x86 )
# Problematic frame:
# C  [xvidvfw.dll+0x98f4]
#
# If you would like to submit a bug report, please visit:
#   http://java.sun.com/webapps/bugreport/crash.jsp
#

---------------  T H R E A D  ---------------

Current thread (0x0192f800):  VMThread [stack: 0x03bb0000,0x03c00000] [id=9488]

siginfo: ExceptionCode=0xc0000005, reading address 0x0c4341c8

Registers:
EAX=0x0c433180, EBX=0x66905020, ECX=0x00000004, EDX=0x00000001
ESP=0x03bfede8, EBP=0x0c433180, ESI=0x0c433180, EDI=0x00000000
EIP=0x099198f4, EFLAGS=0x00010202

Top of Stack: (sp=0x03bfede8)
0x03bfede8:   6690c7c0 6690c7c0 0991750a 00000000
0x03bfedf8:   00000000 00000000 00000000 00000000
0x03bfee08:   00000000 00000000 00000000 00000000
0x03bfee18:   00000000 00000000 00000000 00000000
0x03bfee28:   00000000 00000000 00000000 00000000
0x03bfee38:   00000000 00000000 00000000 00000000
0x03bfee48:   00000000 00000000 00000000 00000000
0x03bfee58:   00000000 00000000 00000000 00000000 

Instructions: (pc=0x099198f4)
0x099198e4:   c3 90 90 90 8b 44 24 04 56 56 8b f0 85 f6 74 45
0x099198f4:   8b 96 48 10 00 00 85 d2 74 24 8b 8e d0 0d 00 00 


Stack: [0x03bb0000,0x03c00000],  sp=0x03bfede8,  free space=13b03bfe944k
Native frames: (J=compiled Java code, j=interpreted, Vv=VM code, C=native code)
C  [xvidvfw.dll+0x98f4]

[error occurred during error reporting (printing native stack), id 0xc0000005]

VM_Operation (0x0690f450): Exit, mode: safepoint, requested by thread 0x04747000


---------------  P R O C E S S  ---------------

Java Threads: ( => current thread )
  0x0485f800 JavaThread "Loop thread: com.sun.media.parser.video.AviParser$AudioTrack@15a3d6b" [_thread_blocked, id=688, stack(0x0d470000,0x0d4c0000)]
  0x04725400 JavaThread "Loop thread: com.sun.media.parser.video.AviParser$VideoTrack@1d520c4" [_thread_blocked, id=2968, stack(0x0d420000,0x0d470000)]
  0x04724c00 JavaThread "Loop thread: com.sun.media.renderer.audio.JavaSoundRenderer@1fcf0ce" [_thread_blocked, id=8820, stack(0x0d3d0000,0x0d420000)]
  0x04724800 JavaThread "Java Sound Event Dispatcher" daemon [_thread_blocked, id=9516, stack(0x0cf60000,0x0cfb0000)]
  0x04724000 JavaThread "Progress Slider thread" [_thread_blocked, id=7648, stack(0x0c3a0000,0x0c3f0000)]
  0x04723400 JavaThread "Loop thread: com.sun.media.renderer.video.GDIRenderer@8b819f" [_thread_blocked, id=6212, stack(0x098c0000,0x09910000)]
  0x04721c00 JavaThread "Loop thread" [_thread_blocked, id=3740, stack(0x09940000,0x09990000)]
  0x04742000 JavaThread "JMF thread: SendEventQueue: com.sun.media.PlaybackEngine" [_thread_blocked, id=6256, stack(0x09870000,0x098c0000)]
  0x047ce000 JavaThread "JMF thread: SendEventQueue: com.sun.media.content.unknown.Handler" [_thread_blocked, id=9452, stack(0x09820000,0x09870000)]
  0x047ba800 JavaThread "TimerQueue" daemon [_thread_blocked, id=1920, stack(0x06550000,0x065a0000)]
  0x01a19000 JavaThread "DestroyJavaVM" [_thread_blocked, id=3952, stack(0x00160000,0x001b0000)]
  0x04747000 JavaThread "AWT-EventQueue-0" [_thread_blocked, id=8460, stack(0x068c0000,0x06910000)]
  0x019f8800 JavaThread "AWT-Shutdown" [_thread_blocked, id=9148, stack(0x03f50000,0x03fa0000)]
  0x019ed400 JavaThread "Java2D Disposer" daemon [_thread_blocked, id=6752, stack(0x03f00000,0x03f50000)]
  0x01948c00 JavaThread "Low Memory Detector" daemon [_thread_blocked, id=7872, stack(0x03d90000,0x03de0000)]
  0x0193ec00 JavaThread "CompilerThread0" daemon [_thread_blocked, id=4176, stack(0x03d40000,0x03d90000)]
  0x0193dc00 JavaThread "Attach Listener" daemon [_thread_blocked, id=4880, stack(0x03cf0000,0x03d40000)]
  0x0193ac00 JavaThread "Signal Dispatcher" daemon [_thread_blocked, id=3292, stack(0x03ca0000,0x03cf0000)]
  0x01935c00 JavaThread "Finalizer" daemon [_thread_blocked, id=8500, stack(0x03c50000,0x03ca0000)]
  0x01931000 JavaThread "Reference Handler" daemon [_thread_blocked, id=9880, stack(0x03c00000,0x03c50000)]

Other Threads:
=>0x0192f800 VMThread [stack: 0x03bb0000,0x03c00000] [id=9488]

VM state:at safepoint (shutting down)

VM Mutex/Monitor currently owned by a thread:  ([mutex/lock_event])
[0x01a17548] Threads_lock - owner thread: 0x0192f800

Heap
 def new generation   total 4928K, used 4122K [0x23ac0000, 0x24010000, 0x29010000)
  eden space 4416K,  81% used [0x23ac0000, 0x23e46950, 0x23f10000)
  from space 512K, 100% used [0x23f10000, 0x23f90000, 0x23f90000)
  to   space 512K,   0% used [0x23f90000, 0x23f90000, 0x24010000)
 tenured generation   total 10944K, used 3095K [0x29010000, 0x29ac0000, 0x33ac0000)
   the space 10944K,  28% used [0x29010000, 0x29315e48, 0x29316000, 0x29ac0000)
 compacting perm gen  total 12288K, used 2150K [0x33ac0000, 0x346c0000, 0x37ac0000)
   the space 12288K,  17% used [0x33ac0000, 0x33cd9830, 0x33cd9a00, 0x346c0000)
    ro space 10240K,  51% used [0x37ac0000, 0x37febaf8, 0x37febc00, 0x384c0000)
    rw space 12288K,  54% used [0x384c0000, 0x38b576d8, 0x38b57800, 0x390c0000)

Dynamic libraries:
0x00400000 - 0x00424000 	C:\Program Files\Java\jre6\bin\javaw.exe
0x77d70000 - 0x77eac000 	C:\Windows\SYSTEM32\ntdll.dll
0x77310000 - 0x773e4000 	C:\Windows\system32\kernel32.dll
0x75f70000 - 0x75fba000 	C:\Windows\system32\KERNELBASE.dll
0x77450000 - 0x774f0000 	C:\Windows\system32\ADVAPI32.dll
0x77cc0000 - 0x77d6c000 	C:\Windows\system32\msvcrt.dll
0x76270000 - 0x76289000 	C:\Windows\SYSTEM32\sechost.dll
0x776e0000 - 0x77781000 	C:\Windows\system32\RPCRT4.dll
0x763a0000 - 0x76469000 	C:\Windows\system32\USER32.dll
0x772a0000 - 0x772ee000 	C:\Windows\system32\GDI32.dll
0x77300000 - 0x7730a000 	C:\Windows\system32\LPK.dll
0x761d0000 - 0x7626d000 	C:\Windows\system32\USP10.dll
0x77eb0000 - 0x77ecf000 	C:\Windows\system32\IMM32.DLL
0x777c0000 - 0x7788c000 	C:\Windows\system32\MSCTF.dll
0x7c340000 - 0x7c396000 	C:\Program Files\Java\jre6\bin\msvcr71.dll
0x6d7f0000 - 0x6da97000 	C:\Program Files\Java\jre6\bin\client\jvm.dll
0x6fd20000 - 0x6fd52000 	C:\Windows\system32\WINMM.dll
0x75dd0000 - 0x75e1b000 	C:\Windows\system32\apphelp.dll
0x6d7a0000 - 0x6d7ac000 	C:\Program Files\Java\jre6\bin\verify.dll
0x6d320000 - 0x6d33f000 	C:\Program Files\Java\jre6\bin\java.dll
0x6d280000 - 0x6d288000 	C:\Program Files\Java\jre6\bin\hpi.dll
0x77ed0000 - 0x77ed5000 	C:\Windows\system32\PSAPI.DLL
0x6d7e0000 - 0x6d7ef000 	C:\Program Files\Java\jre6\bin\zip.dll
0x6d000000 - 0x6d14a000 	C:\Program Files\Java\jre6\bin\awt.dll
0x715c0000 - 0x71611000 	C:\Windows\system32\WINSPOOL.DRV
0x774f0000 - 0x7764c000 	C:\Windows\system32\ole32.dll
0x75270000 - 0x7540e000 	C:\Windows\WinSxS\x86_microsoft.windows.common-controls_6595b64144ccf1df_6.0.7600.16385_none_421189da2b7fabfc\COMCTL32.dll
0x773f0000 - 0x77447000 	C:\Windows\system32\SHLWAPI.dll
0x74570000 - 0x74583000 	C:\Windows\system32\DWMAPI.DLL
0x748a0000 - 0x748e0000 	C:\Windows\system32\uxtheme.dll
0x6d230000 - 0x6d27f000 	C:\Program Files\Java\jre6\bin\fontmanager.dll
0x10000000 - 0x1001b000 	C:\Program Files\Stardock\ObjectDock\DockShellHook.dll
0x75e20000 - 0x75e2c000 	C:\Windows\system32\CRYPTBASE.dll
0x74de0000 - 0x74de9000 	C:\Windows\system32\VERSION.dll
0x6cb20000 - 0x6cb28000 	C:\Windows\system32\atiu9pag.dll
0x6c3a0000 - 0x6c72e000 	C:\Windows\system32\atiumdag.dll
0x6c820000 - 0x6cb12000 	C:\Windows\system32\atiumdva.dll
0x76470000 - 0x770b9000 	C:\Windows\system32\shell32.dll
0x6d600000 - 0x6d613000 	C:\Program Files\Java\jre6\bin\net.dll
0x77ee0000 - 0x77f15000 	C:\Windows\system32\WS2_32.dll
0x77110000 - 0x77116000 	C:\Windows\system32\NSI.dll
0x75930000 - 0x7596c000 	C:\Windows\system32\mswsock.dll
0x75920000 - 0x75926000 	C:\Windows\System32\wship6.dll
0x6d620000 - 0x6d629000 	C:\Program Files\Java\jre6\bin\nio.dll
0x77650000 - 0x776d3000 	C:\Windows\system32\CLBCatQ.DLL
0x77a30000 - 0x77abf000 	C:\Windows\system32\OLEAUT32.dll
0x064d0000 - 0x064d7000 	C:\Program Files\IDM\idmmkb.dll
0x064e0000 - 0x06514000 	D:\Programs\UniKey 4.0.8 Final\UKHook40.dll
0x77f20000 - 0x77f9b000 	C:\Windows\system32\COMDLG32.DLL
0x74470000 - 0x7456b000 	C:\Windows\system32\WindowsCodecs.dll
0x71170000 - 0x711a1000 	C:\Windows\system32\EhStorShell.dll
0x77890000 - 0x77a2d000 	C:\Windows\system32\SETUPAPI.dll
0x75f40000 - 0x75f67000 	C:\Windows\system32\CFGMGR32.dll
0x75f20000 - 0x75f32000 	C:\Windows\system32\DEVOBJ.dll
0x748e0000 - 0x749d5000 	C:\Windows\system32\PROPSYS.dll
0x661c0000 - 0x663dd000 	C:\PROGRA~1\MICROS~1\Office12\GR469A~1.DLL
0x68ef0000 - 0x68fe1000 	C:\PROGRA~1\MICROS~1\Office12\GrooveUtil.DLL
0x77120000 - 0x77238000 	C:\Windows\system32\WININET.dll
0x772f0000 - 0x772f3000 	C:\Windows\system32\Normaliz.dll
0x77ac0000 - 0x77cb9000 	C:\Windows\system32\iertutil.dll
0x76290000 - 0x763a0000 	C:\Windows\system32\urlmon.dll
0x761a0000 - 0x761cf000 	C:\Windows\system32\XmlLite.dll
0x76080000 - 0x7619c000 	C:\Windows\system32\CRYPT32.dll
0x75f10000 - 0x75f1c000 	C:\Windows\system32\MSASN1.dll
0x713b0000 - 0x7144b000 	C:\Windows\WinSxS\x86_microsoft.vc80.crt_1fc8b3b9a1e18e3b_8.0.50727.4927_none_d08a205e442db5b5\MSVCR80.dll
0x68ff0000 - 0x68ff7000 	C:\PROGRA~1\MICROS~1\Office12\GrooveNew.DLL
0x71020000 - 0x7103b000 	C:\Windows\WinSxS\x86_microsoft.vc80.atl_1fc8b3b9a1e18e3b_8.0.50727.4053_none_d1c738ec43578ea1\ATL80.DLL
0x75970000 - 0x75986000 	C:\Windows\system32\CRYPTSP.dll
0x75710000 - 0x7574b000 	C:\Windows\system32\rsaenh.dll
0x71010000 - 0x71015000 	C:\Windows\system32\MSImg32.dll
0x70fa0000 - 0x7100a000 	C:\Windows\System32\cscui.dll
0x70f90000 - 0x70f99000 	C:\Windows\System32\CSCDLL.dll
0x71040000 - 0x7104b000 	C:\Windows\system32\CSCAPI.dll
0x70f20000 - 0x70f8f000 	C:\Windows\system32\ntshrui.dll
0x75b10000 - 0x75b29000 	C:\Windows\system32\srvcli.dll
0x74ea0000 - 0x74eaa000 	C:\Windows\system32\slc.dll
0x75530000 - 0x75551000 	C:\Windows\system32\ntmarta.dll
0x770c0000 - 0x77105000 	C:\Windows\system32\WLDAP32.dll
0x75ea0000 - 0x75eab000 	C:\Windows\system32\profapi.dll
0x75e90000 - 0x75e9e000 	C:\Windows\system32\RpcRtRemote.dll
0x66dd0000 - 0x66e2c000 	C:\Windows\System32\StructuredQuery.dll
0x75b80000 - 0x75b88000 	C:\Windows\System32\Secur32.dll
0x75ca0000 - 0x75cba000 	C:\Windows\System32\SSPICLI.DLL
0x72f20000 - 0x72f6e000 	C:\Windows\system32\actxprxy.dll
0x68110000 - 0x68144000 	C:\Program Files\Internet Explorer\ieproxy.dll
0x6bfe0000 - 0x6c00e000 	C:\Windows\system32\SHDOCVW.dll
0x694d0000 - 0x6a09b000 	C:\Windows\system32\ieframe.DLL
0x6ccd0000 - 0x6cd0c000 	C:\Windows\system32\OLEACC.dll
0x66070000 - 0x6610f000 	C:\Windows\system32\SearchFolder.dll
0x6cb30000 - 0x6ccc8000 	C:\Windows\system32\NetworkExplorer.dll
0x6bfd0000 - 0x6bfd9000 	C:\Windows\system32\LINKINFO.dll
0x74340000 - 0x7434f000 	C:\Windows\system32\samcli.dll
0x749e0000 - 0x749f2000 	C:\Windows\system32\SAMLIB.dll
0x75190000 - 0x75199000 	C:\Windows\system32\netutils.dll
0x65e30000 - 0x65e67000 	C:\PROGRA~1\MICROS~1\Office12\GRA32A~1.DLL
0x705f0000 - 0x70722000 	C:\Windows\System32\msxml3.dll
0x623a0000 - 0x626ac000 	C:\Windows\System32\mf.dll
0x74ec0000 - 0x74ed4000 	C:\Windows\System32\ATL.DLL
0x69310000 - 0x69369000 	C:\Windows\System32\MFPlat.DLL
0x74170000 - 0x74177000 	C:\Windows\System32\AVRT.dll
0x6c350000 - 0x6c354000 	C:\Windows\System32\ksuser.dll
0x09600000 - 0x09615000 	C:\Windows\System32\jmutil.dll
0x065f0000 - 0x065fb000 	C:\Windows\System32\jmvcm.dll
0x668f0000 - 0x66911000 	C:\Windows\system32\MSVFW32.dll
0x0bac0000 - 0x0bee1000 	C:\Program Files\K-Lite Codec Pack\ffdshow\ffdshow.ax
0x67fc0000 - 0x67fe5000 	C:\Windows\system32\DINPUT.dll
0x09620000 - 0x09628000 	C:\Windows\System32\jmddraw.dll
0x6f2f0000 - 0x6f3d7000 	C:\Windows\system32\DDRAW.dll
0x71ce0000 - 0x71ce6000 	C:\Windows\system32\DCIMAN32.dll
0x09800000 - 0x0980a000 	C:\Windows\System32\jmgdi.dll
0x09910000 - 0x0993e000 	C:\Windows\system32\xvidvfw.dll
0x0c440000 - 0x0c573000 	C:\Windows\system32\xvidcore.dll
0x6d510000 - 0x6d534000 	C:\Program Files\Java\jre6\bin\jsound.dll
0x6d540000 - 0x6d548000 	C:\Program Files\Java\jre6\bin\jsoundds.dll
0x6c7a0000 - 0x6c812000 	C:\Windows\system32\DSOUND.dll
0x74d60000 - 0x74d85000 	C:\Windows\system32\POWRPROF.dll
0x74590000 - 0x745c9000 	C:\Windows\system32\MMDevAPI.DLL
0x6c360000 - 0x6c390000 	C:\Windows\system32\wdmaud.drv
0x6f290000 - 0x6f2c6000 	C:\Windows\system32\AUDIOSES.DLL
0x6c340000 - 0x6c348000 	C:\Windows\system32\msacm32.drv
0x72f90000 - 0x72fa4000 	C:\Windows\system32\MSACM32.dll
0x6c330000 - 0x6c337000 	C:\Windows\system32\midimap.dll
0x6d350000 - 0x6d356000 	C:\Program Files\Java\jre6\bin\jawt.dll
0x08790000 - 0x08799000 	C:\Windows\System32\jmfjawt.dll

VM Arguments:
java_command: C:\Users\Dan\Desktop\File Jar Quay demo\File Jar Quay demo\dist_server\0941037-0941041-0941120.jar
Launcher Type: SUN_STANDARD

Environment Variables:
CLASSPATH=.;.;C:\PROGRA~1\JMF21~1.1E\lib\sound.jar;C:\PROGRA~1\JMF21~1.1E\lib\jmf.jar;C:\PROGRA~1\JMF21~1.1E\lib;
PATH=C:\Program Files\PC Connectivity Solution\;C:\Program Files\Common Files\Microsoft Shared\Windows Live;C:\Windows\system32;C:\Windows;C:\Windows\System32\Wbem;C:\Windows\System32\WindowsPowerShell\v1.0\;C:\Program Files\ATI Technologies\ATI.ACE\Core-Static;c:\Program Files\Microsoft SQL Server\90\Tools\binn\;C:\Program Files\Microsoft SQL Server\80\Tools\Binn\;C:\Program Files\Microsoft SQL Server\90\DTS\Binn\;C:\Program Files\Microsoft SQL Server\100\Tools\Binn\;C:\Program Files\Microsoft SQL Server\100\DTS\Binn\;C:\Program Files\Common Files\Microsoft Shared\Windows Live
USERNAME=Dan
OS=Windows_NT
PROCESSOR_IDENTIFIER=x86 Family 6 Model 23 Stepping 6, GenuineIntel



---------------  S Y S T E M  ---------------

OS: Windows 7 Build 7600 

CPU:total 2 (2 cores per cpu, 1 threads per core) family 6 model 23 stepping 6, cmov, cx8, fxsr, mmx, sse, sse2, sse3, ssse3, sse4.1

Memory: 4k page, physical 3144952k(1501788k free), swap 6288140k(2285988k free)

vm_info: Java HotSpot(TM) Client VM (17.1-b03) for windows-x86 JRE (1.6.0_22-b04), built on Sep 15 2010 00:56:36 by "java_re" with MS VC++ 7.1 (VS2003)

time: Fri Dec 03 13:01:53 2010
elapsed time: 26 seconds

