\BOOKMARK [0][-]{chapter*.2}{Introduction}{}% 1
\BOOKMARK [1][-]{section.1.1}{Project Description}{chapter*.2}% 2
\BOOKMARK [1][-]{section.1.2}{Work Description}{chapter*.2}% 3
\BOOKMARK [0][-]{chapter*.3}{Modeling an attack}{}% 4
\BOOKMARK [1][-]{section.2.1}{Introduce Stuxnet}{chapter*.3}% 5
\BOOKMARK [1][-]{section.2.2}{Model Stuxnet's attack in TTool}{chapter*.3}% 6
\BOOKMARK [2][-]{subsubsection.2.2.0.1}{Diagram's Components}{section.2.2}% 7
\BOOKMARK [3][-]{subsubsection.2.2.0.2}{Stuxnet Operation}{subsubsection.2.2.0.1}% 8
\BOOKMARK [0][-]{chapter*.8}{TTool search module}{}% 9
\BOOKMARK [1][-]{section.3.1}{Requirement}{chapter*.8}% 10
\BOOKMARK [1][-]{section.3.2}{Environment}{chapter*.8}% 11
\BOOKMARK [1][-]{section.3.3}{Graphic interface}{chapter*.8}% 12
\BOOKMARK [1][-]{section.3.4}{Internet Search}{chapter*.8}% 13
\BOOKMARK [1][-]{section.3.5}{Database Search}{chapter*.8}% 14
\BOOKMARK [2][-]{subsection.3.5.1}{Protocol}{section.3.5}% 15
\BOOKMARK [3][-]{subsubsection.3.5.1.1}{Objective}{subsection.3.5.1}% 16
\BOOKMARK [3][-]{subsubsection.3.5.1.2}{Design}{subsection.3.5.1}% 17
\BOOKMARK [2][-]{subsection.3.5.2}{Implementation}{section.3.5}% 18
\BOOKMARK [3][-]{subsubsection.3.5.2.1}{Message}{subsection.3.5.2}% 19
\BOOKMARK [3][-]{subsubsection.3.5.2.2}{Client}{subsection.3.5.2}% 20
\BOOKMARK [3][-]{subsubsection.3.5.2.3}{Server}{subsection.3.5.2}% 21
\BOOKMARK [0][-]{chapter*.20}{Conclusion}{}% 22
